# JRE version: OpenJDK Runtime Environment Temurin-17.0.17+10 (17.0.17+10) (build 17.0.17+10)
# Java VM: OpenJDK 64-Bit Server VM Temurin-17.0.17+10 (17.0.17+10, mixed mode, sharing, tiered, compressed oops, compressed class ptrs, g1 gc, windows-amd64)
GC Precious Log:
 CPUs: 4 total, 4 available
 Memory: 1893M
 Large Page Support: Disabled
 NUMA Support: Disabled
 Compressed Oops: Enabled (32-bit)
 Heap Region Size: 1M
 Heap Min Capacity: 8M
 Heap Initial Capacity: 30M
 Heap Max Capacity: 474M
 Pre-touch: Disabled
 Parallel Workers: 4
 Concurrent Workers: 1
 Concurrent Refinement Workers: 4
 Periodic GC: Disabled
Heap:
 garbage-first heap   total 51200K, used 40497K [0x00000000e2600000, 0x0000000100000000)
  region size 1024K, 16 young (16384K), 3 survivors (3072K)
 Metaspace       used 64734K, committed 65344K, reserved 1114112K
  class space    used 8760K, committed 9088K, reserved 1048576K
GC Heap History (20 events):
Event: 33.218 GC heap before
{Heap before GC invocations=28 (full 0):
 garbage-first heap   total 39936K, used 31693K [0x00000000e2600000, 0x0000000100000000)
  region size 1024K, 11 young (11264K), 2 survivors (2048K)
 Metaspace       used 52368K, committed 52864K, reserved 1114112K
  class space    used 7063K, committed 7296K, reserved 1048576K
}
Event: 33.225 GC heap after
{Heap after GC invocations=29 (full 0):
 garbage-first heap   total 39936K, used 22845K [0x00000000e2600000, 0x0000000100000000)
  region size 1024K, 2 young (2048K), 2 survivors (2048K)
 Metaspace       used 52368K, committed 52864K, reserved 1114112K
  class space    used 7063K, committed 7296K, reserved 1048576K
}
Event: 34.089 GC heap before
{Heap before GC invocations=30 (full 0):
 garbage-first heap   total 45056K, used 31037K [0x00000000e2600000, 0x0000000100000000)
  region size 1024K, 10 young (10240K), 2 survivors (2048K)
 Metaspace       used 53102K, committed 53504K, reserved 1114112K
  class space    used 7183K, committed 7360K, reserved 1048576K
}
Event: 34.096 GC heap after
{Heap after GC invocations=31 (full 0):
 garbage-first heap   total 45056K, used 23007K [0x00000000e2600000, 0x0000000100000000)
  region size 1024K, 1 young (1024K), 1 survivors (1024K)
 Metaspace       used 53102K, committed 53504K, reserved 1114112K
  class space    used 7183K, committed 7360K, reserved 1048576K
}
Event: 36.002 GC heap before
{Heap before GC invocations=31 (full 0):
 garbage-first heap   total 45056K, used 36319K [0x00000000e2600000, 0x0000000100000000)
  region size 1024K, 14 young (14336K), 1 survivors (1024K)
 Metaspace       used 55991K, committed 56512K, reserved 1114112K
  class space    used 7558K, committed 7808K, reserved 1048576K
}
Event: 36.010 GC heap after
{Heap after GC invocations=32 (full 0):
 garbage-first heap   total 45056K, used 24011K [0x00000000e2600000, 0x0000000100000000)
  region size 1024K, 2 young (2048K), 2 survivors (2048K)
 Metaspace       used 55991K, committed 56512K, reserved 1114112K
  class space    used 7558K, committed 7808K, reserved 1048576K
}
Event: 37.791 GC heap before
{Heap before GC invocations=33 (full 0):
 garbage-first heap   total 45056K, used 35275K [0x00000000e2600000, 0x0000000100000000)
  region size 1024K, 14 young (14336K), 2 survivors (2048K)
 Metaspace       used 57987K, committed 58560K, reserved 1114112K
  class space    used 7845K, committed 8128K, reserved 1048576K
}
Event: 37.804 GC heap after
{Heap after GC invocations=34 (full 0):
 garbage-first heap   total 45056K, used 24932K [0x00000000e2600000, 0x0000000100000000)
  region size 1024K, 1 young (1024K), 1 survivors (1024K)
 Metaspace       used 57987K, committed 58560K, reserved 1114112K
  class space    used 7845K, committed 8128K, reserved 1048576K
}
Event: 38.567 GC heap before
{Heap before GC invocations=34 (full 0):
 garbage-first heap   total 45056K, used 36196K [0x00000000e2600000, 0x0000000100000000)
  region size 1024K, 12 young (12288K), 1 survivors (1024K)
 Metaspace       used 59222K, committed 59776K, reserved 1114112K
  class space    used 8022K, committed 8320K, reserved 1048576K
}
Event: 38.573 GC heap after
{Heap after GC invocations=35 (full 0):
 garbage-first heap   total 45056K, used 25412K [0x00000000e2600000, 0x0000000100000000)
  region size 1024K, 2 young (2048K), 2 survivors (2048K)
 Metaspace       used 59222K, committed 59776K, reserved 1114112K
  class space    used 8022K, committed 8320K, reserved 1048576K
}
Event: 39.070 GC heap before
{Heap before GC invocations=36 (full 0):
 garbage-first heap   total 51200K, used 35652K [0x00000000e2600000, 0x0000000100000000)
  region size 1024K, 12 young (12288K), 2 survivors (2048K)
 Metaspace       used 59485K, committed 60032K, reserved 1114112K
  class space    used 8060K, committed 8320K, reserved 1048576K
}
Event: 39.079 GC heap after
{Heap after GC invocations=37 (full 0):
 garbage-first heap   total 51200K, used 25862K [0x00000000e2600000, 0x0000000100000000)
  region size 1024K, 2 young (2048K), 2 survivors (2048K)
 Metaspace       used 59485K, committed 60032K, reserved 1114112K
  class space    used 8060K, committed 8320K, reserved 1048576K
}
Event: 39.106 GC heap before
{Heap before GC invocations=37 (full 0):
 garbage-first heap   total 51200K, used 26886K [0x00000000e2600000, 0x0000000100000000)
  region size 1024K, 3 young (3072K), 2 survivors (2048K)
 Metaspace       used 59485K, committed 60032K, reserved 1114112K
  class space    used 8060K, committed 8320K, reserved 1048576K
}
Event: 39.116 GC heap after
{Heap after GC invocations=38 (full 0):
 garbage-first heap   total 51200K, used 25687K [0x00000000e2600000, 0x0000000100000000)
  region size 1024K, 1 young (1024K), 1 survivors (1024K)
 Metaspace       used 59485K, committed 60032K, reserved 1114112K
  class space    used 8060K, committed 8320K, reserved 1048576K
}
Event: 40.017 GC heap before
{Heap before GC invocations=38 (full 0):
 garbage-first heap   total 51200K, used 42071K [0x00000000e2600000, 0x0000000100000000)
  region size 1024K, 17 young (17408K), 1 survivors (1024K)
 Metaspace       used 59583K, committed 60160K, reserved 1114112K
  class space    used 8065K, committed 8320K, reserved 1048576K
}
Event: 40.021 GC heap after
{Heap after GC invocations=39 (full 0):
 garbage-first heap   total 51200K, used 25901K [0x00000000e2600000, 0x0000000100000000)
  region size 1024K, 1 young (1024K), 1 survivors (1024K)
 Metaspace       used 59583K, committed 60160K, reserved 1114112K
  class space    used 8065K, committed 8320K, reserved 1048576K
}
Event: 41.080 GC heap before
{Heap before GC invocations=40 (full 0):
 garbage-first heap   total 51200K, used 43309K [0x00000000e2600000, 0x0000000100000000)
  region size 1024K, 18 young (18432K), 1 survivors (1024K)
 Metaspace       used 60693K, committed 61248K, reserved 1114112K
  class space    used 8219K, committed 8512K, reserved 1048576K
}
Event: 41.088 GC heap after
{Heap after GC invocations=41 (full 0):
 garbage-first heap   total 51200K, used 26568K [0x00000000e2600000, 0x0000000100000000)
  region size 1024K, 2 young (2048K), 2 survivors (2048K)
 Metaspace       used 60693K, committed 61248K, reserved 1114112K
  class space    used 8219K, committed 8512K, reserved 1048576K
}
Event: 43.256 GC heap before
{Heap before GC invocations=41 (full 0):
 garbage-first heap   total 51200K, used 41928K [0x00000000e2600000, 0x0000000100000000)
  region size 1024K, 17 young (17408K), 2 survivors (2048K)
 Metaspace       used 62607K, committed 63104K, reserved 1114112K
  class space    used 8498K, committed 8768K, reserved 1048576K
}
Event: 43.280 GC heap after
{Heap after GC invocations=42 (full 0):
 garbage-first heap   total 51200K, used 28209K [0x00000000e2600000, 0x0000000100000000)
  region size 1024K, 3 young (3072K), 3 survivors (3072K)
 Metaspace       used 62607K, committed 63104K, reserved 1114112K
  class space    used 8498K, committed 8768K, reserved 1048576K
}

